**********************
Windows PowerShell transcript start
Start time: 20241009123349
Username: ASCENDION\bhargav.balla
RunAs User: ASCENDION\bhargav.balla
Configuration Name: 
Machine: LAPTOP-0K0S84LS (Microsoft Windows NT 10.0.22631.0)
Host Application: C:\Windows\System32\WindowsPowerShell\v1.0\powershell.exe
Process ID: 13520
PSVersion: 5.1.22621.4111
PSEdition: Desktop
PSCompatibleVersions: 1.0, 2.0, 3.0, 4.0, 5.0, 5.1.22621.4111
BuildVersion: 10.0.22621.4111
CLRVersion: 4.0.30319.42000
WSManStackVersion: 3.0
PSRemotingProtocolVersion: 2.3
SerializationVersion: 1.1.0.1
**********************
Transcript started, output file is bhargav.balla.log
PS C:\Users\bhargav.balla> New-Item -Path <path/to/workingfolder> -Name QA-Training -ItemType Directory
At line:1 char:16
+ New-Item -Path <path/to/workingfolder> -Name QA-Training -ItemType Di ...
+                ~
The '<' operator is reserved for future use.
At line:1 char:16
+ New-Item -Path <path/to/workingfolder> -Name QA-Training -ItemType Di ...
+                ~
The '<' operator is reserved for future use.
    + CategoryInfo          : ParserError: (:) [], ParentContainsErrorRecordExcept
   ion
    + FullyQualifiedErrorId : RedirectionNotSupported

PS C:\Users\bhargav.balla> New-Item -Path path/to/workingfolder -Name QA-Training -ItemType Directory


    Directory: C:\Users\bhargav.balla\path\to\workingfolder


Mode                 LastWriteTime         Length Name
----                 -------------         ------ ----
d-----        09-10-2024  12:36 PM                QA-Training


PS C:\Users\bhargav.balla> Set-Location <path/to/workingfolder>\QA-Training
At line:1 char:14
+ Set-Location <path/to/workingfolder>\QA-Training
+              ~
The '<' operator is reserved for future use.
At line:1 char:14
+ Set-Location <path/to/workingfolder>\QA-Training
+              ~
The '<' operator is reserved for future use.
    + CategoryInfo          : ParserError: (:) [], ParentContainsErrorRecordExcept
   ion
    + FullyQualifiedErrorId : RedirectionNotSupported

PS C:\Users\bhargav.balla> Set-Location path/to/workingfolder \QA-Training
>> TerminatingError(Set-Location): "A positional parameter cannot be found that accepts argument '\QA-Training'."
Set-Location : A positional parameter cannot be found that accepts argument '\QA-Training'.
At line:1 char:1
+ Set-Location path/to/workingfolder \QA-Training
+ ~~~~~~~~~~~~~~~~~~~~~~~~~~~~~~~~~~~~~~~~~~~~~~~
    + CategoryInfo          : InvalidArgument: (:) [Set-Location], ParameterBindingException
    + FullyQualifiedErrorId : PositionalParameterNotFound,Microsoft.PowerShell.Commands.SetLocationCommand
Set-Location : A positional parameter cannot be found that accepts argument
'\QA-Training'.
At line:1 char:1
+ Set-Location path/to/workingfolder \QA-Training
+ ~~~~~~~~~~~~~~~~~~~~~~~~~~~~~~~~~~~~~~~~~~~~~~~
    + CategoryInfo          : InvalidArgument: (:) [Set-Location], ParameterBindin
   gException
    + FullyQualifiedErrorId : PositionalParameterNotFound,Microsoft.PowerShell.Com
   mands.SetLocationCommand

PS C:\Users\bhargav.balla> Set-Location path/to/workingfolder QA-Training
>> TerminatingError(Set-Location): "A positional parameter cannot be found that accepts argument 'QA-Training'."
Set-Location : A positional parameter cannot be found that accepts argument 'QA-Training'.
At line:1 char:1
+ Set-Location path/to/workingfolder QA-Training
+ ~~~~~~~~~~~~~~~~~~~~~~~~~~~~~~~~~~~~~~~~~~~~~~
    + CategoryInfo          : InvalidArgument: (:) [Set-Location], ParameterBindingException
    + FullyQualifiedErrorId : PositionalParameterNotFound,Microsoft.PowerShell.Commands.SetLocationCommand
Set-Location : A positional parameter cannot be found that accepts argument
'QA-Training'.
At line:1 char:1
+ Set-Location path/to/workingfolder QA-Training
+ ~~~~~~~~~~~~~~~~~~~~~~~~~~~~~~~~~~~~~~~~~~~~~~
    + CategoryInfo          : InvalidArgument: (:) [Set-Location], ParameterBindin
   gException
    + FullyQualifiedErrorId : PositionalParameterNotFound,Microsoft.PowerShell.Com
   mands.SetLocationCommand

PS C:\Users\bhargav.balla> Set-Location path/to/workingfolder/QA-Training
PS C:\Users\bhargav.balla\path\to\workingfolder\QA-Training> git --version
git : The term 'git' is not recognized as the name of a cmdlet, function, script file, or operable program. Check the 
spelling of the name, or if a path was included, verify that the path is correct and try again.
At line:1 char:1
+ git --version
+ ~~~
    + CategoryInfo          : ObjectNotFound: (git:String) [], CommandNotFoundException
    + FullyQualifiedErrorId : CommandNotFoundException
git : The term 'git' is not recognized as the name of a cmdlet, function, script
file, or operable program. Check the spelling of the name, or if a path was
included, verify that the path is correct and try again.
At line:1 char:1
+ git --version
+ ~~~
    + CategoryInfo          : ObjectNotFound: (git:String) [], CommandNotFoundExce
   ption
    + FullyQualifiedErrorId : CommandNotFoundException

PS C:\Users\bhargav.balla\path\to\workingfolder\QA-Training> Invoke-WebRequest -Uri https://github.com/git-for-windows/git/releases/download/v2.44.0.windows.1/Git-2.44.0-64-bit.exe -OutFile git-installer.exe
PS C:\Users\bhargav.balla\path\to\workingfolder\QA-Training> .\git-installer.exe /VERYSILENT /NORESTART
PS C:\Users\bhargav.balla\path\to\workingfolder\QA-Training> git –-version
git : The term 'git' is not recognized as the name of a cmdlet, function, script file, or operable program. Check the 
spelling of the name, or if a path was included, verify that the path is correct and try again.
At line:1 char:1
+ git –-version
+ ~~~
    + CategoryInfo          : ObjectNotFound: (git:String) [], CommandNotFoundException
    + FullyQualifiedErrorId : CommandNotFoundException
git : The term 'git' is not recognized as the name of a cmdlet, function, script
file, or operable program. Check the spelling of the name, or if a path was
included, verify that the path is correct and try again.
At line:1 char:1
+ git –-version
+ ~~~
    + CategoryInfo          : ObjectNotFound: (git:String) [], CommandNotFoundExce
   ption
    + FullyQualifiedErrorId : CommandNotFoundException

