**********************
Windows PowerShell transcript start
Start time: 20241009143246
Username: ASCENDION\nishanth.jaganathan
RunAs User: ASCENDION\nishanth.jaganathan
Configuration Name: 
Machine: LAPTOP-O3N4467T (Microsoft Windows NT 10.0.22631.0)
Host Application: C:\Windows\System32\WindowsPowerShell\v1.0\powershell.exe
Process ID: 28632
PSVersion: 5.1.22621.4111
PSEdition: Desktop
PSCompatibleVersions: 1.0, 2.0, 3.0, 4.0, 5.0, 5.1.22621.4111
BuildVersion: 10.0.22621.4111
CLRVersion: 4.0.30319.42000
WSManStackVersion: 3.0
PSRemotingProtocolVersion: 2.3
SerializationVersion: 1.1.0.1
**********************
Transcript started, output file is nishanth1.log
PS C:\Users\nishanth.jaganathan\cognixia102024> stop-transcript
**********************
Windows PowerShell transcript end
End time: 20241009143302
**********************
