**********************
Windows PowerShell transcript start
Start time: 20241009123401
Username: ASCENDION\sravya.annaji
RunAs User: ASCENDION\sravya.annaji
Configuration Name: 
Machine: LAPTOP-JF5E1KSA (Microsoft Windows NT 10.0.22631.0)
Host Application: C:\Windows\System32\WindowsPowerShell\v1.0\powershell.exe
Process ID: 2684
PSVersion: 5.1.22621.4111
PSEdition: Desktop
PSCompatibleVersions: 1.0, 2.0, 3.0, 4.0, 5.0, 5.1.22621.4111
BuildVersion: 10.0.22621.4111
CLRVersion: 4.0.30319.42000
WSManStackVersion: 3.0
PSRemotingProtocolVersion: 2.3
SerializationVersion: 1.1.0.1
**********************
Transcript started, output file is sravya.log
PS C:\Users\sravya.annaji> New-Item -path C:\Users\sravya.annaji\OneDrive - ascendion -Name 'QA-Training' -ItemType Directory
PS C:\Users\sravya.annaji> TerminatingError(New-Item): "A positional parameter cannot be found that accepts argument '-'."
New-Item : A positional parameter cannot be found that accepts argument '-'.
At line:1 char:1
+ New-Item -path C:\Users\sravya.annaji\OneDrive - ascendion -Name 'QA- ...
+ ~~~~~~~~~~~~~~~~~~~~~~~~~~~~~~~~~~~~~~~~~~~~~~~~~~~~~~~~~~~~~~~~~~~~~
    + CategoryInfo          : InvalidArgument: (:) [New-Item], ParameterBindingException
    + FullyQualifiedErrorId : PositionalParameterNotFound,Microsoft.PowerShell.Commands.NewItemCommand
New-Item : A positional parameter cannot be found that accepts argument '-'.
At line:1 char:1
+ New-Item -path C:\Users\sravya.annaji\OneDrive - ascendion -Name 'QA- ...
+ ~~~~~~~~~~~~~~~~~~~~~~~~~~~~~~~~~~~~~~~~~~~~~~~~~~~~~~~~~~~~~~~~~~~~~
    + CategoryInfo          : InvalidArgument: (:) [New-Item], ParameterBindingException
    + FullyQualifiedErrorId : PositionalParameterNotFound,Microsoft.PowerShell.Commands.NewItemCommand

PS C:\Users\sravya.annaji> New-Item -path . -Name 'QA-Training' -ItemType Directory


    Directory: C:\Users\sravya.annaji


Mode                 LastWriteTime         Length Name
----                 -------------         ------ ----
d-----        09-10-2024     12:44                QA-Training


PS C:\Users\sravya.annaji> Set-Location C:\Users\sravya.annaji\OneDrive - ascendion\QA-Training
>> TerminatingError(Set-Location): "A positional parameter cannot be found that accepts argument '-'."
Set-Location : A positional parameter cannot be found that accepts argument '-'.
At line:1 char:1
+ Set-Location C:\Users\sravya.annaji\OneDrive - ascendion\QA-Training
+ ~~~~~~~~~~~~~~~~~~~~~~~~~~~~~~~~~~~~~~~~~~~~~~~~~~~~~~~~~~~~~~~~~~~~
    + CategoryInfo          : InvalidArgument: (:) [Set-Location], ParameterBindingException
    + FullyQualifiedErrorId : PositionalParameterNotFound,Microsoft.PowerShell.Commands.SetLocationCommand
Set-Location : A positional parameter cannot be found that accepts argument '-'.
At line:1 char:1
+ Set-Location C:\Users\sravya.annaji\OneDrive - ascendion\QA-Training
+ ~~~~~~~~~~~~~~~~~~~~~~~~~~~~~~~~~~~~~~~~~~~~~~~~~~~~~~~~~~~~~~~~~~~~
    + CategoryInfo          : InvalidArgument: (:) [Set-Location], ParameterBindingException
    + FullyQualifiedErrorId : PositionalParameterNotFound,Microsoft.PowerShell.Commands.SetLocationCommand

PS C:\Users\sravya.annaji> Set-Location C:\Users\sravya.annaji\QA-Training
PS C:\Users\sravya.annaji\QA-Training> git --version
git : The term 'git' is not recognized as the name of a cmdlet, function, script file, or operable program. Check the 
spelling of the name, or if a path was included, verify that the path is correct and try again.
At line:1 char:1
+ git --version
+ ~~~
    + CategoryInfo          : ObjectNotFound: (git:String) [], CommandNotFoundException
    + FullyQualifiedErrorId : CommandNotFoundException
git : The term 'git' is not recognized as the name of a cmdlet, function, script file, or operable program. Check the spelling of
the name, or if a path was included, verify that the path is correct and try again.
At line:1 char:1
+ git --version
+ ~~~
    + CategoryInfo          : ObjectNotFound: (git:String) [], CommandNotFoundException
    + FullyQualifiedErrorId : CommandNotFoundException

PS C:\Users\sravya.annaji\QA-Training> Invoke-WebRequest -Uri https://github.com/git-for-windows/git/releases/download/v2.44.0.windows.1/Git-2.44.0-64-bit.exe -OutFile git-installer.exe
PS C:\Users\sravya.annaji\QA-Training> dir


    Directory: C:\Users\sravya.annaji\QA-Training


Mode                 LastWriteTime         Length Name
----                 -------------         ------ ----
-a----        09-10-2024     12:55       65350776 git-installer.exe


PS C:\Users\sravya.annaji\QA-Training> dir /?
PS C:\Users\sravya.annaji\QA-Training> dir /?
PS C:\Users\sravya.annaji\QA-Training> dir --help
dir : Cannot find path 'C:\Users\sravya.annaji\QA-Training\--help' because it does not exist.
At line:1 char:1
+ dir --help
+ ~~~~~~~~~~
    + CategoryInfo          : ObjectNotFound: (C:\Users\sravya...Training\--help:String) [Get-ChildItem], 
ItemNotFoundException
    + FullyQualifiedErrorId : PathNotFound,Microsoft.PowerShell.Commands.GetChildItemCommand
dir : Cannot find path 'C:\Users\sravya.annaji\QA-Training\--help' because it does not exist.
At line:1 char:1
+ dir --help
+ ~~~~~~~~~~
    + CategoryInfo          : ObjectNotFound: (C:\Users\sravya...Training\--help:String) [Get-ChildItem], ItemNotFoundException
    + FullyQualifiedErrorId : PathNotFound,Microsoft.PowerShell.Commands.GetChildItemCommand

PS C:\Users\sravya.annaji\QA-Training> .\git-installer.exe /VERYSILENT /NORESTART
PS C:\Users\sravya.annaji\QA-Training> git --version
git : The term 'git' is not recognized as the name of a cmdlet, function, script file, or operable program. Check the 
spelling of the name, or if a path was included, verify that the path is correct and try again.
At line:1 char:1
+ git --version
+ ~~~
    + CategoryInfo          : ObjectNotFound: (git:String) [], CommandNotFoundException
    + FullyQualifiedErrorId : CommandNotFoundException
git : The term 'git' is not recognized as the name of a cmdlet, function, script file, or operable program. Check the spelling of
the name, or if a path was included, verify that the path is correct and try again.
At line:1 char:1
+ git --version
+ ~~~
    + CategoryInfo          : ObjectNotFound: (git:String) [], CommandNotFoundException
    + FullyQualifiedErrorId : CommandNotFoundException

PS C:\Users\sravya.annaji\QA-Training> .\git-installer.exe /VERYSILENT /NORESTART
PS C:\Users\sravya.annaji\QA-Training> Invoke-WebRequest -Uri https://github.com/git-for-windows/git/releases/download/v2.44.0.windows.1/Git-2.44.0-64-bit.exe -OutFile git-installer1.exe
PS C:\Users\sravya.annaji\QA-Training> .\git-installer.exe /VERYSILENT /NORESTART
